[ 2015-12-07T17:11:32+08:00 ] 127.0.0.1 /GitHighYan/
INFO: [ app_begin ] --START--
INFO: ReadHtmlCache Behavior ::run [ RunTime:0.000477s ]
INFO: [ app_begin ] --END-- [ RunTime:0.000640s ]
INFO: [ view_parse ] --START--
INFO: ParseTemplate Behavior ::run [ RunTime:0.007011s ]
INFO: [ view_parse ] --END-- [ RunTime:0.007142s ]
INFO: [ view_filter ] --START--
INFO: ContentReplace Behavior ::run [ RunTime:0.000252s ]
INFO: TokenBuild Behavior ::run [ RunTime:0.000293s ]
INFO: WriteHtmlCache Behavior ::run [ RunTime:0.000182s ]
INFO: ShowRuntime Behavior ::run [ RunTime:0.000378s ]
INFO: [ view_filter ] --END-- [ RunTime:0.001399s ]
INFO: [ view_end ] --START--
INFO: ShowPageTrace Behavior ::run [ RunTime:0.000417s ]
INFO: [ view_end ] --END-- [ RunTime:0.000530s ]

[ 2015-12-07T17:11:51+08:00 ] 127.0.0.1 /GitHighYan/index.php/Admin/Index
INFO: [ route_check ] --START--
INFO: CheckRoute Behavior ::run [ RunTime:0.000639s ]
INFO: [ route_check ] --END-- [ RunTime:0.000796s ]
INFO: [ app_begin ] --START--
INFO: ReadHtmlCache Behavior ::run [ RunTime:0.000414s ]
INFO: [ app_begin ] --END-- [ RunTime:0.000533s ]
INFO: [ view_parse ] --START--
NOTIC: [8] Undefined index: uid /home/xz/git/GitHighYan/APP/Runtime/Cache/Admin/535580e01fa8474958b57ba3c83c3fb8.php 第 33 行.
NOTIC: [8] Undefined index: uname /home/xz/git/GitHighYan/APP/Runtime/Cache/Admin/535580e01fa8474958b57ba3c83c3fb8.php 第 40 行.
NOTIC: [8] Undefined index: uid /home/xz/git/GitHighYan/APP/Runtime/Cache/Admin/535580e01fa8474958b57ba3c83c3fb8.php 第 44 行.
NOTIC: [8] Undefined index: uname /home/xz/git/GitHighYan/APP/Runtime/Cache/Admin/535580e01fa8474958b57ba3c83c3fb8.php 第 89 行.
NOTIC: [8] Undefined index: uid /home/xz/git/GitHighYan/APP/Runtime/Cache/Admin/535580e01fa8474958b57ba3c83c3fb8.php 第 162 行.
NOTIC: [8] Undefined index: uid /home/xz/git/GitHighYan/APP/Runtime/Cache/Admin/535580e01fa8474958b57ba3c83c3fb8.php 第 163 行.
INFO: ParseTemplate Behavior ::run [ RunTime:0.020311s ]
INFO: [ view_parse ] --END-- [ RunTime:0.020449s ]
INFO: [ view_filter ] --START--
INFO: ContentReplace Behavior ::run [ RunTime:0.000798s ]
INFO: TokenBuild Behavior ::run [ RunTime:0.000330s ]
INFO: WriteHtmlCache Behavior ::run [ RunTime:0.000159s ]
INFO: ShowRuntime Behavior ::run [ RunTime:0.000423s ]
INFO: [ view_filter ] --END-- [ RunTime:0.002559s ]
INFO: [ view_end ] --START--
INFO: ShowPageTrace Behavior ::run [ RunTime:0.000440s ]
INFO: [ view_end ] --END-- [ RunTime:0.000559s ]

[ 2015-12-07T17:11:52+08:00 ] 127.0.0.1 /GitHighYan/index.php/Admin/Index/home
INFO: [ route_check ] --START--
INFO: CheckRoute Behavior ::run [ RunTime:0.000791s ]
INFO: [ route_check ] --END-- [ RunTime:0.000961s ]
INFO: [ app_begin ] --START--
INFO: ReadHtmlCache Behavior ::run [ RunTime:0.000414s ]
INFO: [ app_begin ] --END-- [ RunTime:0.000533s ]
INFO: [ view_parse ] --START--
NOTIC: [8] Undefined index: uname /home/xz/git/GitHighYan/APP/Runtime/Cache/Admin/167d63cc805ee767a3764a5ddeed5aeb.php 第 24 行.
NOTIC: [8] Undefined index: uname /home/xz/git/GitHighYan/APP/Runtime/Cache/Admin/167d63cc805ee767a3764a5ddeed5aeb.php 第 25 行.
INFO: ParseTemplate Behavior ::run [ RunTime:0.008628s ]
INFO: [ view_parse ] --END-- [ RunTime:0.008761s ]
INFO: [ view_filter ] --START--
INFO: ContentReplace Behavior ::run [ RunTime:0.000288s ]
INFO: TokenBuild Behavior ::run [ RunTime:0.000333s ]
INFO: WriteHtmlCache Behavior ::run [ RunTime:0.000154s ]
INFO: ShowRuntime Behavior ::run [ RunTime:0.000401s ]
INFO: [ view_filter ] --END-- [ RunTime:0.001492s ]
INFO: [ view_end ] --START--
INFO: ShowPageTrace Behavior ::run [ RunTime:0.000524s ]
INFO: [ view_end ] --END-- [ RunTime:0.000646s ]

[ 2015-12-07T17:11:52+08:00 ] 127.0.0.1 /GitHighYan/index.php/Admin/Index/home
INFO: [ route_check ] --START--
INFO: CheckRoute Behavior ::run [ RunTime:0.000714s ]
INFO: [ route_check ] --END-- [ RunTime:0.005575s ]
INFO: [ app_begin ] --START--
INFO: ReadHtmlCache Behavior ::run [ RunTime:0.000422s ]
INFO: [ app_begin ] --END-- [ RunTime:0.000539s ]
INFO: [ view_parse ] --START--
NOTIC: [8] Undefined index: uname /home/xz/git/GitHighYan/APP/Runtime/Cache/Admin/167d63cc805ee767a3764a5ddeed5aeb.php 第 24 行.
NOTIC: [8] Undefined index: uname /home/xz/git/GitHighYan/APP/Runtime/Cache/Admin/167d63cc805ee767a3764a5ddeed5aeb.php 第 25 行.
INFO: ParseTemplate Behavior ::run [ RunTime:0.014009s ]
INFO: [ view_parse ] --END-- [ RunTime:0.014140s ]
INFO: [ view_filter ] --START--
INFO: ContentReplace Behavior ::run [ RunTime:0.000297s ]
INFO: TokenBuild Behavior ::run [ RunTime:0.000283s ]
INFO: WriteHtmlCache Behavior ::run [ RunTime:0.000141s ]
INFO: ShowRuntime Behavior ::run [ RunTime:0.000368s ]
INFO: [ view_filter ] --END-- [ RunTime:0.001386s ]
INFO: [ view_end ] --START--
INFO: ShowPageTrace Behavior ::run [ RunTime:0.000439s ]
INFO: [ view_end ] --END-- [ RunTime:0.000550s ]

